# JRE version: OpenJDK Runtime Environment (11.0.4+10) (build 11.0.4+10-b304.69)
# Java VM: OpenJDK 64-Bit Server VM (11.0.4+10-b304.69, mixed mode, sharing, tiered, compressed oops, g1 gc, windows-amd64)
Heap:
 garbage-first heap   total 262144K, used 43090K [0x0000000701e00000, 0x0000000800000000)
  region size 1024K, 33 young (33792K), 4 survivors (4096K)
 Metaspace       used 33269K, capacity 34452K, committed 34560K, reserved 1079296K
  class space    used 4584K, capacity 5043K, committed 5120K, reserved 1048576K
GC Heap History (6 events):
Event: 0.582 GC heap before
{Heap before GC invocations=0 (full 0):
 garbage-first heap   total 262144K, used 23552K [0x0000000701e00000, 0x0000000800000000)
  region size 1024K, 24 young (24576K), 0 survivors (0K)
 Metaspace       used 3057K, capacity 5778K, committed 6016K, reserved 1056768K
  class space    used 350K, capacity 610K, committed 640K, reserved 1048576K
}
Event: 0.586 GC heap after
{Heap after GC invocations=1 (full 0):
 garbage-first heap   total 262144K, used 6033K [0x0000000701e00000, 0x0000000800000000)
  region size 1024K, 3 young (3072K), 3 survivors (3072K)
 Metaspace       used 3057K, capacity 5778K, committed 6016K, reserved 1056768K
  class space    used 350K, capacity 610K, committed 640K, reserved 1048576K
}
Event: 2.069 GC heap before
{Heap before GC invocations=1 (full 0):
 garbage-first heap   total 262144K, used 111505K [0x0000000701e00000, 0x0000000800000000)
  region size 1024K, 107 young (109568K), 3 survivors (3072K)
 Metaspace       used 20432K, capacity 21170K, committed 21248K, reserved 1067008K
  class space    used 2941K, capacity 3273K, committed 3328K, reserved 1048576K
}
Event: 2.083 GC heap after
{Heap after GC invocations=2 (full 0):
 garbage-first heap   total 262144K, used 10813K [0x0000000701e00000, 0x0000000800000000)
  region size 1024K, 8 young (8192K), 8 survivors (8192K)
 Metaspace       used 20432K, capacity 21170K, committed 21248K, reserved 1067008K
  class space    used 2941K, capacity 3273K, committed 3328K, reserved 1048576K
}
Event: 2.887 GC heap before
{Heap before GC invocations=3 (full 0):
 garbage-first heap   total 262144K, used 79421K [0x0000000701e00000, 0x0000000800000000)
  region size 1024K, 76 young (77824K), 8 survivors (8192K)
 Metaspace       used 29847K, capacity 30787K, committed 30848K, reserved 1075200K
  class space    used 4064K, capacity 4465K, committed 4480K, reserved 1048576K
}
Event: 2.896 GC heap after
{Heap after GC invocations=4 (full 0):
 garbage-first heap   total 262144K, used 14418K [0x0000000701e00000, 0x0000000800000000)
  region size 1024K, 4 young (4096K), 4 survivors (4096K)
 Metaspace       used 29847K, capacity 30787K, committed 30848K, reserved 1075200K
  class space    used 4064K, capacity 4465K, committed 4480K, reserved 1048576K
}

