# JRE version: OpenJDK Runtime Environment (11.0.4+10) (build 11.0.4+10-b304.69)
# Java VM: OpenJDK 64-Bit Server VM (11.0.4+10-b304.69, mixed mode, sharing, tiered, compressed oops, g1 gc, windows-amd64)
Heap:
 garbage-first heap   total 262144K, used 35596K [0x0000000701e00000, 0x0000000800000000)
  region size 1024K, 25 young (25600K), 2 survivors (2048K)
 Metaspace       used 26287K, capacity 27221K, committed 27516K, reserved 1073152K
  class space    used 3390K, capacity 3750K, committed 3840K, reserved 1048576K
GC Heap History (6 events):
Event: 0.604 GC heap before
{Heap before GC invocations=0 (full 0):
 garbage-first heap   total 262144K, used 23552K [0x0000000701e00000, 0x0000000800000000)
  region size 1024K, 24 young (24576K), 0 survivors (0K)
 Metaspace       used 3035K, capacity 5692K, committed 5760K, reserved 1056768K
  class space    used 339K, capacity 623K, committed 640K, reserved 1048576K
}
Event: 0.607 GC heap after
{Heap after GC invocations=1 (full 0):
 garbage-first heap   total 262144K, used 6068K [0x0000000701e00000, 0x0000000800000000)
  region size 1024K, 3 young (3072K), 3 survivors (3072K)
 Metaspace       used 3035K, capacity 5692K, committed 5760K, reserved 1056768K
  class space    used 339K, capacity 623K, committed 640K, reserved 1048576K
}
Event: 1.938 GC heap before
{Heap before GC invocations=1 (full 0):
 garbage-first heap   total 262144K, used 101300K [0x0000000701e00000, 0x0000000800000000)
  region size 1024K, 98 young (100352K), 3 survivors (3072K)
 Metaspace       used 20419K, capacity 21109K, committed 21296K, reserved 1067008K
  class space    used 2634K, capacity 2932K, committed 2944K, reserved 1048576K
}
Event: 1.947 GC heap after
{Heap after GC invocations=2 (full 0):
 garbage-first heap   total 262144K, used 11318K [0x0000000701e00000, 0x0000000800000000)
  region size 1024K, 9 young (9216K), 9 survivors (9216K)
 Metaspace       used 20419K, capacity 21109K, committed 21296K, reserved 1067008K
  class space    used 2634K, capacity 2932K, committed 2944K, reserved 1048576K
}
Event: 2.350 GC heap before
{Heap before GC invocations=3 (full 0):
 garbage-first heap   total 262144K, used 41014K [0x0000000701e00000, 0x0000000800000000)
  region size 1024K, 39 young (39936K), 9 survivors (9216K)
 Metaspace       used 23847K, capacity 24739K, committed 24956K, reserved 1071104K
  class space    used 3094K, capacity 3464K, committed 3584K, reserved 1048576K
}
Event: 2.358 GC heap after
{Heap after GC invocations=4 (full 0):
 garbage-first heap   total 262144K, used 13068K [0x0000000701e00000, 0x0000000800000000)
  region size 1024K, 2 young (2048K), 2 survivors (2048K)
 Metaspace       used 23847K, capacity 24739K, committed 24956K, reserved 1071104K
  class space    used 3094K, capacity 3464K, committed 3584K, reserved 1048576K
}

